[2024-11-18T17:59:32.242173+01:00] installer.INFO: Matched route "{route}". {"route":"installer_home","route_parameters":{"_controller":"OrangeHRM\\Installer\\Controller\\HomeController::handle","_route":"installer_home"},"request_uri":"http://localhost/orangehrm-5.7/orangehrm-5.7/installer/index.php/","method":"GET"} []
[2024-11-18T17:59:32.379712+01:00] installer.INFO: Matched route "{route}". {"route":"installer_welcome","route_parameters":{"_controller":"OrangeHRM\\Installer\\Controller\\WelcomeController::handle","_route":"installer_welcome"},"request_uri":"http://localhost/orangehrm-5.7/orangehrm-5.7/installer/index.php/welcome","method":"GET"} []
[2024-11-18T18:00:09.290284+01:00] installer.INFO: Matched route "{route}". {"route":"installer_licence_acceptance","route_parameters":{"_controller":"OrangeHRM\\Installer\\Controller\\Installer\\LicenceAcceptanceController::handle","_route":"installer_licence_acceptance"},"request_uri":"http://localhost/orangehrm-5.7/orangehrm-5.7/installer/index.php/installer/licence-acceptance","method":"GET"} []
[2024-11-18T18:00:16.154019+01:00] installer.INFO: Matched route "{route}". {"route":"installer_database_config","route_parameters":{"_controller":"OrangeHRM\\Installer\\Controller\\Installer\\DatabaseConfigController::handle","_route":"installer_database_config"},"request_uri":"http://localhost/orangehrm-5.7/orangehrm-5.7/installer/index.php/installer/database-config","method":"GET"} []
[2024-11-18T18:00:16.393921+01:00] installer.INFO: Matched route "{route}". {"route":"api_installer_database_config","route_parameters":{"_controller":"OrangeHRM\\Installer\\Controller\\Installer\\Api\\DatabaseConfigAPI::handle","_route":"api_installer_database_config"},"request_uri":"http://localhost/orangehrm-5.7/orangehrm-5.7/installer/index.php/installer/api/database-config","method":"GET"} []
[2024-11-18T18:00:44.793732+01:00] installer.INFO: Matched route "{route}". {"route":"api_installer_database_config","route_parameters":{"_controller":"OrangeHRM\\Installer\\Controller\\Installer\\Api\\DatabaseConfigAPI::handle","_route":"api_installer_database_config"},"request_uri":"http://localhost/orangehrm-5.7/orangehrm-5.7/installer/index.php/installer/api/database-config","method":"POST"} []
[2024-11-18T18:00:44.984790+01:00] installer.INFO: Matched route "{route}". {"route":"installer_system_check","route_parameters":{"_controller":"OrangeHRM\\Installer\\Controller\\Installer\\SystemCheckController::handle","_route":"installer_system_check"},"request_uri":"http://localhost/orangehrm-5.7/orangehrm-5.7/installer/index.php/installer/system-check","method":"GET"} []
[2024-11-18T18:00:45.222132+01:00] installer.INFO: Matched route "{route}". {"route":"api_installer_system_check","route_parameters":{"_controller":"OrangeHRM\\Installer\\Controller\\Installer\\Api\\SystemCheckAPI::handle","_route":"api_installer_system_check"},"request_uri":"http://localhost/orangehrm-5.7/orangehrm-5.7/installer/index.php/installer/api/system-check","method":"GET"} []
[2024-11-18T18:00:55.807926+01:00] installer.INFO: Matched route "{route}". {"route":"api_installer_system_check","route_parameters":{"_controller":"OrangeHRM\\Installer\\Controller\\Installer\\Api\\SystemCheckAPI::handle","_route":"api_installer_system_check"},"request_uri":"http://localhost/orangehrm-5.7/orangehrm-5.7/installer/index.php/installer/api/system-check","method":"GET"} []
[2024-11-18T18:00:57.888018+01:00] installer.INFO: Matched route "{route}". {"route":"installer_instance_creation","route_parameters":{"_controller":"OrangeHRM\\Installer\\Controller\\Installer\\InstanceCreationController::handle","_route":"installer_instance_creation"},"request_uri":"http://localhost/orangehrm-5.7/orangehrm-5.7/installer/index.php/installer/instance-creation","method":"GET"} []
[2024-11-18T18:00:58.125048+01:00] installer.INFO: Matched route "{route}". {"route":"api_installer_countries","route_parameters":{"_controller":"OrangeHRM\\Installer\\Controller\\Installer\\Api\\CountryAPI::handle","_route":"api_installer_countries"},"request_uri":"http://localhost/orangehrm-5.7/orangehrm-5.7/installer/index.php/installer/api/countries","method":"GET"} []
[2024-11-18T18:00:58.266074+01:00] installer.INFO: Matched route "{route}". {"route":"api_installer_languages","route_parameters":{"_controller":"OrangeHRM\\Installer\\Controller\\Installer\\Api\\LanguageAPI::handle","_route":"api_installer_languages"},"request_uri":"http://localhost/orangehrm-5.7/orangehrm-5.7/installer/index.php/installer/api/languages","method":"GET"} []
[2024-11-18T18:00:58.407064+01:00] installer.INFO: Matched route "{route}". {"route":"api_installer_timezones","route_parameters":{"_controller":"OrangeHRM\\Installer\\Controller\\Installer\\Api\\TimezoneAPI::handle","_route":"api_installer_timezones"},"request_uri":"http://localhost/orangehrm-5.7/orangehrm-5.7/installer/index.php/installer/api/timezones","method":"GET"} []
[2024-11-18T18:00:58.562235+01:00] installer.INFO: Matched route "{route}". {"route":"api_installer_instance","route_parameters":{"_controller":"OrangeHRM\\Installer\\Controller\\Installer\\Api\\InstanceAPI::handle","_route":"api_installer_instance"},"request_uri":"http://localhost/orangehrm-5.7/orangehrm-5.7/installer/index.php/installer/api/instance","method":"GET"} []
[2024-11-18T18:01:27.466968+01:00] installer.INFO: Matched route "{route}". {"route":"api_installer_instance","route_parameters":{"_controller":"OrangeHRM\\Installer\\Controller\\Installer\\Api\\InstanceAPI::handle","_route":"api_installer_instance"},"request_uri":"http://localhost/orangehrm-5.7/orangehrm-5.7/installer/index.php/installer/api/instance","method":"POST"} []
[2024-11-18T18:01:27.619465+01:00] installer.INFO: Matched route "{route}". {"route":"installer_admin_user_creation","route_parameters":{"_controller":"OrangeHRM\\Installer\\Controller\\Installer\\AdminUserCreationController::handle","_route":"installer_admin_user_creation"},"request_uri":"http://localhost/orangehrm-5.7/orangehrm-5.7/installer/index.php/installer/admin-user-creation","method":"GET"} []
[2024-11-18T18:01:27.864979+01:00] installer.INFO: Matched route "{route}". {"route":"api_installer_admin_user","route_parameters":{"_controller":"OrangeHRM\\Installer\\Controller\\Installer\\Api\\AdminUserAPI::handle","_route":"api_installer_admin_user"},"request_uri":"http://localhost/orangehrm-5.7/orangehrm-5.7/installer/index.php/installer/api/admin-user","method":"GET"} []
[2024-11-18T18:02:13.482157+01:00] installer.INFO: Matched route "{route}". {"route":"api_installer_admin_user","route_parameters":{"_controller":"OrangeHRM\\Installer\\Controller\\Installer\\Api\\AdminUserAPI::handle","_route":"api_installer_admin_user"},"request_uri":"http://localhost/orangehrm-5.7/orangehrm-5.7/installer/index.php/installer/api/admin-user","method":"POST"} []
[2024-11-18T18:02:13.631778+01:00] installer.INFO: Matched route "{route}". {"route":"installer_confirmation","route_parameters":{"_controller":"OrangeHRM\\Installer\\Controller\\Installer\\ConfirmationController::handle","_route":"installer_confirmation"},"request_uri":"http://localhost/orangehrm-5.7/orangehrm-5.7/installer/index.php/installer/confirmation","method":"GET"} []
[2024-11-18T18:02:13.866442+01:00] installer.INFO: Matched route "{route}". {"route":"api_installer_database_config","route_parameters":{"_controller":"OrangeHRM\\Installer\\Controller\\Installer\\Api\\DatabaseConfigAPI::handle","_route":"api_installer_database_config"},"request_uri":"http://localhost/orangehrm-5.7/orangehrm-5.7/installer/index.php/installer/api/database-config","method":"GET"} []
[2024-11-18T18:02:14.010898+01:00] installer.INFO: Matched route "{route}". {"route":"api_installer_admin_user","route_parameters":{"_controller":"OrangeHRM\\Installer\\Controller\\Installer\\Api\\AdminUserAPI::handle","_route":"api_installer_admin_user"},"request_uri":"http://localhost/orangehrm-5.7/orangehrm-5.7/installer/index.php/installer/api/admin-user","method":"GET"} []
[2024-11-18T18:02:19.439332+01:00] installer.INFO: Matched route "{route}". {"route":"installer_process","route_parameters":{"_controller":"OrangeHRM\\Installer\\Controller\\Installer\\InstallerController::handle","_route":"installer_process"},"request_uri":"http://localhost/orangehrm-5.7/orangehrm-5.7/installer/index.php/installer/process","method":"GET"} []
[2024-11-18T18:02:19.692755+01:00] installer.INFO: Matched route "{route}". {"route":"api_installer_start_registration","route_parameters":{"_controller":"OrangeHRM\\Installer\\Controller\\Installer\\Api\\InstallerDataRegistrationAPI::handle","_route":"api_installer_start_registration"},"request_uri":"http://localhost/orangehrm-5.7/orangehrm-5.7/installer/index.php/installer/api/send-data/installer-start","method":"POST"} []
[2024-11-18T18:02:20.902843+01:00] installer.INFO: Matched route "{route}". {"route":"api_installer_database","route_parameters":{"_controller":"OrangeHRM\\Installer\\Controller\\Installer\\Api\\InstallationDatabaseAPI::handle","_route":"api_installer_database"},"request_uri":"http://localhost/orangehrm-5.7/orangehrm-5.7/installer/index.php/installer/api/installation/database","method":"POST"} []
[2024-11-18T18:02:21.087159+01:00] installer.INFO: Matched route "{route}". {"route":"api_installer_pre_migration_check","route_parameters":{"_controller":"OrangeHRM\\Installer\\Controller\\Installer\\Api\\PreMigrationCheck::handle","_route":"api_installer_pre_migration_check"},"request_uri":"http://localhost/orangehrm-5.7/orangehrm-5.7/installer/index.php/installer/api/installation/pre-migration","method":"POST"} []
[2024-11-18T18:02:21.156455+01:00] installer.INFO: Instance details: {"os":{"os":"Windows NT","release_name":"10.0","version_info":"build 19045 (Windows 10)"},"php":{"version":"8.2.12"},"mysql":{"client_version":"mysqlnd 8.2.12","server_version":"10.4.32-MariaDB","conn_type":"localhost via TCP\/IP"},"server":"Apache\/2.4.58 (Win64) OpenSSL\/3.1.3 PHP\/8.2.12","ohrm":{"version":"5.7"}} [] []
[2024-11-18T18:02:21.568287+01:00] installer.INFO: Matched route "{route}". {"route":"api_installer_versions","route_parameters":{"_controller":"OrangeHRM\\Installer\\Controller\\Installer\\Api\\VersionAPI::handle","_route":"api_installer_versions"},"request_uri":"http://localhost/orangehrm-5.7/orangehrm-5.7/installer/index.php/installer/api/versions?excludeLatest=false","method":"GET"} []
[2024-11-18T18:02:21.707798+01:00] installer.INFO: Matched route "{route}". {"route":"api_installer_migration","route_parameters":{"_controller":"OrangeHRM\\Installer\\Controller\\Installer\\Api\\MigrationAPI::handle","_route":"api_installer_migration"},"request_uri":"http://localhost/orangehrm-5.7/orangehrm-5.7/installer/index.php/installer/api/installation/migration","method":"POST"} []
[2024-11-18T18:02:21.719188+01:00] installer.INFO: {"version":"3.3.3"} [] []
[2024-11-18T18:02:21.777720+01:00] installer.INFO: Instance details: {"os":{"os":"Windows NT","release_name":"10.0","version_info":"build 19045 (Windows 10)"},"php":{"version":"8.2.12"},"mysql":{"client_version":"mysqlnd 8.2.12","server_version":"10.4.32-MariaDB","conn_type":"localhost via TCP\/IP"},"server":"Apache\/2.4.58 (Win64) OpenSSL\/3.1.3 PHP\/8.2.12","ohrm":{"version":"5.7"}} [] []
[2024-11-18T18:02:21.824336+01:00] installer.INFO: set_time_limit: success [] []
[2024-11-18T18:02:30.951895+01:00] installer.INFO: Matched route "{route}". {"route":"api_installer_migration","route_parameters":{"_controller":"OrangeHRM\\Installer\\Controller\\Installer\\Api\\MigrationAPI::handle","_route":"api_installer_migration"},"request_uri":"http://localhost/orangehrm-5.7/orangehrm-5.7/installer/index.php/installer/api/installation/migration","method":"POST"} []
[2024-11-18T18:02:30.962986+01:00] installer.INFO: {"version":"4.0"} [] []
[2024-11-18T18:02:31.054716+01:00] installer.INFO: Instance details: {"os":{"os":"Windows NT","release_name":"10.0","version_info":"build 19045 (Windows 10)"},"php":{"version":"8.2.12"},"mysql":{"client_version":"mysqlnd 8.2.12","server_version":"10.4.32-MariaDB","conn_type":"localhost via TCP\/IP"},"server":"Apache\/2.4.58 (Win64) OpenSSL\/3.1.3 PHP\/8.2.12","ohrm":{"version":"5.7"}} [] []
[2024-11-18T18:02:31.070308+01:00] installer.INFO: set_time_limit: success [] []
[2024-11-18T18:02:31.275944+01:00] installer.INFO: Matched route "{route}". {"route":"api_installer_migration","route_parameters":{"_controller":"OrangeHRM\\Installer\\Controller\\Installer\\Api\\MigrationAPI::handle","_route":"api_installer_migration"},"request_uri":"http://localhost/orangehrm-5.7/orangehrm-5.7/installer/index.php/installer/api/installation/migration","method":"POST"} []
[2024-11-18T18:02:31.287727+01:00] installer.INFO: {"version":"4.1"} [] []
[2024-11-18T18:02:31.327414+01:00] installer.INFO: Instance details: {"os":{"os":"Windows NT","release_name":"10.0","version_info":"build 19045 (Windows 10)"},"php":{"version":"8.2.12"},"mysql":{"client_version":"mysqlnd 8.2.12","server_version":"10.4.32-MariaDB","conn_type":"localhost via TCP\/IP"},"server":"Apache\/2.4.58 (Win64) OpenSSL\/3.1.3 PHP\/8.2.12","ohrm":{"version":"5.7"}} [] []
[2024-11-18T18:02:31.343447+01:00] installer.INFO: set_time_limit: success [] []
[2024-11-18T18:02:31.813617+01:00] installer.INFO: Matched route "{route}". {"route":"api_installer_migration","route_parameters":{"_controller":"OrangeHRM\\Installer\\Controller\\Installer\\Api\\MigrationAPI::handle","_route":"api_installer_migration"},"request_uri":"http://localhost/orangehrm-5.7/orangehrm-5.7/installer/index.php/installer/api/installation/migration","method":"POST"} []
[2024-11-18T18:02:31.829554+01:00] installer.INFO: {"version":"4.1.1"} [] []
[2024-11-18T18:02:31.877544+01:00] installer.INFO: Instance details: {"os":{"os":"Windows NT","release_name":"10.0","version_info":"build 19045 (Windows 10)"},"php":{"version":"8.2.12"},"mysql":{"client_version":"mysqlnd 8.2.12","server_version":"10.4.32-MariaDB","conn_type":"localhost via TCP\/IP"},"server":"Apache\/2.4.58 (Win64) OpenSSL\/3.1.3 PHP\/8.2.12","ohrm":{"version":"5.7"}} [] []
[2024-11-18T18:02:31.893748+01:00] installer.INFO: set_time_limit: success [] []
[2024-11-18T18:02:32.255590+01:00] installer.INFO: Matched route "{route}". {"route":"api_installer_migration","route_parameters":{"_controller":"OrangeHRM\\Installer\\Controller\\Installer\\Api\\MigrationAPI::handle","_route":"api_installer_migration"},"request_uri":"http://localhost/orangehrm-5.7/orangehrm-5.7/installer/index.php/installer/api/installation/migration","method":"POST"} []
[2024-11-18T18:02:32.266031+01:00] installer.INFO: {"version":"4.1.2"} [] []
[2024-11-18T18:02:32.309112+01:00] installer.INFO: Instance details: {"os":{"os":"Windows NT","release_name":"10.0","version_info":"build 19045 (Windows 10)"},"php":{"version":"8.2.12"},"mysql":{"client_version":"mysqlnd 8.2.12","server_version":"10.4.32-MariaDB","conn_type":"localhost via TCP\/IP"},"server":"Apache\/2.4.58 (Win64) OpenSSL\/3.1.3 PHP\/8.2.12","ohrm":{"version":"5.7"}} [] []
[2024-11-18T18:02:32.324513+01:00] installer.INFO: set_time_limit: success [] []
[2024-11-18T18:02:32.518454+01:00] installer.INFO: Matched route "{route}". {"route":"api_installer_migration","route_parameters":{"_controller":"OrangeHRM\\Installer\\Controller\\Installer\\Api\\MigrationAPI::handle","_route":"api_installer_migration"},"request_uri":"http://localhost/orangehrm-5.7/orangehrm-5.7/installer/index.php/installer/api/installation/migration","method":"POST"} []
[2024-11-18T18:02:32.530500+01:00] installer.INFO: {"version":"4.1.2.1"} [] []
[2024-11-18T18:02:32.608623+01:00] installer.INFO: Instance details: {"os":{"os":"Windows NT","release_name":"10.0","version_info":"build 19045 (Windows 10)"},"php":{"version":"8.2.12"},"mysql":{"client_version":"mysqlnd 8.2.12","server_version":"10.4.32-MariaDB","conn_type":"localhost via TCP\/IP"},"server":"Apache\/2.4.58 (Win64) OpenSSL\/3.1.3 PHP\/8.2.12","ohrm":{"version":"5.7"}} [] []
[2024-11-18T18:02:32.622216+01:00] installer.INFO: set_time_limit: success [] []
[2024-11-18T18:02:32.808053+01:00] installer.INFO: Matched route "{route}". {"route":"api_installer_migration","route_parameters":{"_controller":"OrangeHRM\\Installer\\Controller\\Installer\\Api\\MigrationAPI::handle","_route":"api_installer_migration"},"request_uri":"http://localhost/orangehrm-5.7/orangehrm-5.7/installer/index.php/installer/api/installation/migration","method":"POST"} []
[2024-11-18T18:02:32.819639+01:00] installer.INFO: {"version":"4.2"} [] []
[2024-11-18T18:02:32.861290+01:00] installer.INFO: Instance details: {"os":{"os":"Windows NT","release_name":"10.0","version_info":"build 19045 (Windows 10)"},"php":{"version":"8.2.12"},"mysql":{"client_version":"mysqlnd 8.2.12","server_version":"10.4.32-MariaDB","conn_type":"localhost via TCP\/IP"},"server":"Apache\/2.4.58 (Win64) OpenSSL\/3.1.3 PHP\/8.2.12","ohrm":{"version":"5.7"}} [] []
[2024-11-18T18:02:32.876170+01:00] installer.INFO: set_time_limit: success [] []
[2024-11-18T18:02:33.128327+01:00] installer.INFO: Matched route "{route}". {"route":"api_installer_migration","route_parameters":{"_controller":"OrangeHRM\\Installer\\Controller\\Installer\\Api\\MigrationAPI::handle","_route":"api_installer_migration"},"request_uri":"http://localhost/orangehrm-5.7/orangehrm-5.7/installer/index.php/installer/api/installation/migration","method":"POST"} []
[2024-11-18T18:02:33.140414+01:00] installer.INFO: {"version":"4.2.0.1"} [] []
[2024-11-18T18:02:33.200332+01:00] installer.INFO: Instance details: {"os":{"os":"Windows NT","release_name":"10.0","version_info":"build 19045 (Windows 10)"},"php":{"version":"8.2.12"},"mysql":{"client_version":"mysqlnd 8.2.12","server_version":"10.4.32-MariaDB","conn_type":"localhost via TCP\/IP"},"server":"Apache\/2.4.58 (Win64) OpenSSL\/3.1.3 PHP\/8.2.12","ohrm":{"version":"5.7"}} [] []
[2024-11-18T18:02:33.214078+01:00] installer.INFO: set_time_limit: success [] []
[2024-11-18T18:02:33.398890+01:00] installer.INFO: Matched route "{route}". {"route":"api_installer_migration","route_parameters":{"_controller":"OrangeHRM\\Installer\\Controller\\Installer\\Api\\MigrationAPI::handle","_route":"api_installer_migration"},"request_uri":"http://localhost/orangehrm-5.7/orangehrm-5.7/installer/index.php/installer/api/installation/migration","method":"POST"} []
[2024-11-18T18:02:33.411131+01:00] installer.INFO: {"version":"4.3"} [] []
[2024-11-18T18:02:33.473616+01:00] installer.INFO: Instance details: {"os":{"os":"Windows NT","release_name":"10.0","version_info":"build 19045 (Windows 10)"},"php":{"version":"8.2.12"},"mysql":{"client_version":"mysqlnd 8.2.12","server_version":"10.4.32-MariaDB","conn_type":"localhost via TCP\/IP"},"server":"Apache\/2.4.58 (Win64) OpenSSL\/3.1.3 PHP\/8.2.12","ohrm":{"version":"5.7"}} [] []
[2024-11-18T18:02:33.486540+01:00] installer.INFO: set_time_limit: success [] []
[2024-11-18T18:02:33.720409+01:00] installer.INFO: Matched route "{route}". {"route":"api_installer_migration","route_parameters":{"_controller":"OrangeHRM\\Installer\\Controller\\Installer\\Api\\MigrationAPI::handle","_route":"api_installer_migration"},"request_uri":"http://localhost/orangehrm-5.7/orangehrm-5.7/installer/index.php/installer/api/installation/migration","method":"POST"} []
[2024-11-18T18:02:33.732498+01:00] installer.INFO: {"version":"4.3.1"} [] []
[2024-11-18T18:02:33.795103+01:00] installer.INFO: Instance details: {"os":{"os":"Windows NT","release_name":"10.0","version_info":"build 19045 (Windows 10)"},"php":{"version":"8.2.12"},"mysql":{"client_version":"mysqlnd 8.2.12","server_version":"10.4.32-MariaDB","conn_type":"localhost via TCP\/IP"},"server":"Apache\/2.4.58 (Win64) OpenSSL\/3.1.3 PHP\/8.2.12","ohrm":{"version":"5.7"}} [] []
[2024-11-18T18:02:33.811125+01:00] installer.INFO: set_time_limit: success [] []
[2024-11-18T18:02:34.012816+01:00] installer.INFO: Matched route "{route}". {"route":"api_installer_migration","route_parameters":{"_controller":"OrangeHRM\\Installer\\Controller\\Installer\\Api\\MigrationAPI::handle","_route":"api_installer_migration"},"request_uri":"http://localhost/orangehrm-5.7/orangehrm-5.7/installer/index.php/installer/api/installation/migration","method":"POST"} []
[2024-11-18T18:02:34.024410+01:00] installer.INFO: {"version":"4.3.2"} [] []
[2024-11-18T18:02:34.063533+01:00] installer.INFO: Instance details: {"os":{"os":"Windows NT","release_name":"10.0","version_info":"build 19045 (Windows 10)"},"php":{"version":"8.2.12"},"mysql":{"client_version":"mysqlnd 8.2.12","server_version":"10.4.32-MariaDB","conn_type":"localhost via TCP\/IP"},"server":"Apache\/2.4.58 (Win64) OpenSSL\/3.1.3 PHP\/8.2.12","ohrm":{"version":"5.7"}} [] []
[2024-11-18T18:02:34.076628+01:00] installer.INFO: set_time_limit: success [] []
[2024-11-18T18:02:34.292296+01:00] installer.INFO: Matched route "{route}". {"route":"api_installer_migration","route_parameters":{"_controller":"OrangeHRM\\Installer\\Controller\\Installer\\Api\\MigrationAPI::handle","_route":"api_installer_migration"},"request_uri":"http://localhost/orangehrm-5.7/orangehrm-5.7/installer/index.php/installer/api/installation/migration","method":"POST"} []
[2024-11-18T18:02:34.303006+01:00] installer.INFO: {"version":"4.3.3"} [] []
[2024-11-18T18:02:34.343602+01:00] installer.INFO: Instance details: {"os":{"os":"Windows NT","release_name":"10.0","version_info":"build 19045 (Windows 10)"},"php":{"version":"8.2.12"},"mysql":{"client_version":"mysqlnd 8.2.12","server_version":"10.4.32-MariaDB","conn_type":"localhost via TCP\/IP"},"server":"Apache\/2.4.58 (Win64) OpenSSL\/3.1.3 PHP\/8.2.12","ohrm":{"version":"5.7"}} [] []
[2024-11-18T18:02:34.356128+01:00] installer.INFO: set_time_limit: success [] []
[2024-11-18T18:02:38.355417+01:00] installer.INFO: Matched route "{route}". {"route":"api_installer_migration","route_parameters":{"_controller":"OrangeHRM\\Installer\\Controller\\Installer\\Api\\MigrationAPI::handle","_route":"api_installer_migration"},"request_uri":"http://localhost/orangehrm-5.7/orangehrm-5.7/installer/index.php/installer/api/installation/migration","method":"POST"} []
[2024-11-18T18:02:38.366219+01:00] installer.INFO: {"version":"4.3.4"} [] []
[2024-11-18T18:02:38.408044+01:00] installer.INFO: Instance details: {"os":{"os":"Windows NT","release_name":"10.0","version_info":"build 19045 (Windows 10)"},"php":{"version":"8.2.12"},"mysql":{"client_version":"mysqlnd 8.2.12","server_version":"10.4.32-MariaDB","conn_type":"localhost via TCP\/IP"},"server":"Apache\/2.4.58 (Win64) OpenSSL\/3.1.3 PHP\/8.2.12","ohrm":{"version":"5.7"}} [] []
[2024-11-18T18:02:38.423708+01:00] installer.INFO: set_time_limit: success [] []
[2024-11-18T18:02:38.623170+01:00] installer.INFO: Matched route "{route}". {"route":"api_installer_migration","route_parameters":{"_controller":"OrangeHRM\\Installer\\Controller\\Installer\\Api\\MigrationAPI::handle","_route":"api_installer_migration"},"request_uri":"http://localhost/orangehrm-5.7/orangehrm-5.7/installer/index.php/installer/api/installation/migration","method":"POST"} []
[2024-11-18T18:02:38.633850+01:00] installer.INFO: {"version":"4.3.5"} [] []
[2024-11-18T18:02:38.696901+01:00] installer.INFO: Instance details: {"os":{"os":"Windows NT","release_name":"10.0","version_info":"build 19045 (Windows 10)"},"php":{"version":"8.2.12"},"mysql":{"client_version":"mysqlnd 8.2.12","server_version":"10.4.32-MariaDB","conn_type":"localhost via TCP\/IP"},"server":"Apache\/2.4.58 (Win64) OpenSSL\/3.1.3 PHP\/8.2.12","ohrm":{"version":"5.7"}} [] []
[2024-11-18T18:02:38.710200+01:00] installer.INFO: set_time_limit: success [] []
[2024-11-18T18:02:38.895660+01:00] installer.INFO: Matched route "{route}". {"route":"api_installer_migration","route_parameters":{"_controller":"OrangeHRM\\Installer\\Controller\\Installer\\Api\\MigrationAPI::handle","_route":"api_installer_migration"},"request_uri":"http://localhost/orangehrm-5.7/orangehrm-5.7/installer/index.php/installer/api/installation/migration","method":"POST"} []
[2024-11-18T18:02:38.906831+01:00] installer.INFO: {"version":"4.4"} [] []
[2024-11-18T18:02:38.948754+01:00] installer.INFO: Instance details: {"os":{"os":"Windows NT","release_name":"10.0","version_info":"build 19045 (Windows 10)"},"php":{"version":"8.2.12"},"mysql":{"client_version":"mysqlnd 8.2.12","server_version":"10.4.32-MariaDB","conn_type":"localhost via TCP\/IP"},"server":"Apache\/2.4.58 (Win64) OpenSSL\/3.1.3 PHP\/8.2.12","ohrm":{"version":"5.7"}} [] []
[2024-11-18T18:02:38.963921+01:00] installer.INFO: set_time_limit: success [] []
[2024-11-18T18:02:40.260110+01:00] installer.INFO: Matched route "{route}". {"route":"api_installer_migration","route_parameters":{"_controller":"OrangeHRM\\Installer\\Controller\\Installer\\Api\\MigrationAPI::handle","_route":"api_installer_migration"},"request_uri":"http://localhost/orangehrm-5.7/orangehrm-5.7/installer/index.php/installer/api/installation/migration","method":"POST"} []
[2024-11-18T18:02:40.271767+01:00] installer.INFO: {"version":"4.5"} [] []
[2024-11-18T18:02:40.323697+01:00] installer.INFO: Instance details: {"os":{"os":"Windows NT","release_name":"10.0","version_info":"build 19045 (Windows 10)"},"php":{"version":"8.2.12"},"mysql":{"client_version":"mysqlnd 8.2.12","server_version":"10.4.32-MariaDB","conn_type":"localhost via TCP\/IP"},"server":"Apache\/2.4.58 (Win64) OpenSSL\/3.1.3 PHP\/8.2.12","ohrm":{"version":"5.7"}} [] []
[2024-11-18T18:02:40.338374+01:00] installer.INFO: set_time_limit: success [] []
[2024-11-18T18:02:40.613131+01:00] installer.INFO: Matched route "{route}". {"route":"api_installer_migration","route_parameters":{"_controller":"OrangeHRM\\Installer\\Controller\\Installer\\Api\\MigrationAPI::handle","_route":"api_installer_migration"},"request_uri":"http://localhost/orangehrm-5.7/orangehrm-5.7/installer/index.php/installer/api/installation/migration","method":"POST"} []
[2024-11-18T18:02:40.624094+01:00] installer.INFO: {"version":"4.6"} [] []
[2024-11-18T18:02:40.665195+01:00] installer.INFO: Instance details: {"os":{"os":"Windows NT","release_name":"10.0","version_info":"build 19045 (Windows 10)"},"php":{"version":"8.2.12"},"mysql":{"client_version":"mysqlnd 8.2.12","server_version":"10.4.32-MariaDB","conn_type":"localhost via TCP\/IP"},"server":"Apache\/2.4.58 (Win64) OpenSSL\/3.1.3 PHP\/8.2.12","ohrm":{"version":"5.7"}} [] []
[2024-11-18T18:02:40.678865+01:00] installer.INFO: set_time_limit: success [] []
[2024-11-18T18:02:42.230333+01:00] installer.INFO: Matched route "{route}". {"route":"api_installer_migration","route_parameters":{"_controller":"OrangeHRM\\Installer\\Controller\\Installer\\Api\\MigrationAPI::handle","_route":"api_installer_migration"},"request_uri":"http://localhost/orangehrm-5.7/orangehrm-5.7/installer/index.php/installer/api/installation/migration","method":"POST"} []
[2024-11-18T18:02:42.246288+01:00] installer.INFO: {"version":"4.6.0.1"} [] []
[2024-11-18T18:02:42.297207+01:00] installer.INFO: Instance details: {"os":{"os":"Windows NT","release_name":"10.0","version_info":"build 19045 (Windows 10)"},"php":{"version":"8.2.12"},"mysql":{"client_version":"mysqlnd 8.2.12","server_version":"10.4.32-MariaDB","conn_type":"localhost via TCP\/IP"},"server":"Apache\/2.4.58 (Win64) OpenSSL\/3.1.3 PHP\/8.2.12","ohrm":{"version":"5.7"}} [] []
[2024-11-18T18:02:42.311557+01:00] installer.INFO: set_time_limit: success [] []
[2024-11-18T18:02:42.509329+01:00] installer.INFO: Matched route "{route}". {"route":"api_installer_migration","route_parameters":{"_controller":"OrangeHRM\\Installer\\Controller\\Installer\\Api\\MigrationAPI::handle","_route":"api_installer_migration"},"request_uri":"http://localhost/orangehrm-5.7/orangehrm-5.7/installer/index.php/installer/api/installation/migration","method":"POST"} []
[2024-11-18T18:02:42.521411+01:00] installer.INFO: {"version":"4.7"} [] []
[2024-11-18T18:02:42.561916+01:00] installer.INFO: Instance details: {"os":{"os":"Windows NT","release_name":"10.0","version_info":"build 19045 (Windows 10)"},"php":{"version":"8.2.12"},"mysql":{"client_version":"mysqlnd 8.2.12","server_version":"10.4.32-MariaDB","conn_type":"localhost via TCP\/IP"},"server":"Apache\/2.4.58 (Win64) OpenSSL\/3.1.3 PHP\/8.2.12","ohrm":{"version":"5.7"}} [] []
[2024-11-18T18:02:42.578506+01:00] installer.INFO: set_time_limit: success [] []
[2024-11-18T18:02:42.787492+01:00] installer.INFO: Matched route "{route}". {"route":"api_installer_migration","route_parameters":{"_controller":"OrangeHRM\\Installer\\Controller\\Installer\\Api\\MigrationAPI::handle","_route":"api_installer_migration"},"request_uri":"http://localhost/orangehrm-5.7/orangehrm-5.7/installer/index.php/installer/api/installation/migration","method":"POST"} []
[2024-11-18T18:02:42.799680+01:00] installer.INFO: {"version":"4.8"} [] []
[2024-11-18T18:02:42.842868+01:00] installer.INFO: Instance details: {"os":{"os":"Windows NT","release_name":"10.0","version_info":"build 19045 (Windows 10)"},"php":{"version":"8.2.12"},"mysql":{"client_version":"mysqlnd 8.2.12","server_version":"10.4.32-MariaDB","conn_type":"localhost via TCP\/IP"},"server":"Apache\/2.4.58 (Win64) OpenSSL\/3.1.3 PHP\/8.2.12","ohrm":{"version":"5.7"}} [] []
[2024-11-18T18:02:42.855894+01:00] installer.INFO: set_time_limit: success [] []
[2024-11-18T18:02:43.062791+01:00] installer.INFO: Matched route "{route}". {"route":"api_installer_migration","route_parameters":{"_controller":"OrangeHRM\\Installer\\Controller\\Installer\\Api\\MigrationAPI::handle","_route":"api_installer_migration"},"request_uri":"http://localhost/orangehrm-5.7/orangehrm-5.7/installer/index.php/installer/api/installation/migration","method":"POST"} []
[2024-11-18T18:02:43.074966+01:00] installer.INFO: {"version":"4.9"} [] []
[2024-11-18T18:02:43.117019+01:00] installer.INFO: Instance details: {"os":{"os":"Windows NT","release_name":"10.0","version_info":"build 19045 (Windows 10)"},"php":{"version":"8.2.12"},"mysql":{"client_version":"mysqlnd 8.2.12","server_version":"10.4.32-MariaDB","conn_type":"localhost via TCP\/IP"},"server":"Apache\/2.4.58 (Win64) OpenSSL\/3.1.3 PHP\/8.2.12","ohrm":{"version":"5.7"}} [] []
[2024-11-18T18:02:43.134332+01:00] installer.INFO: set_time_limit: success [] []
[2024-11-18T18:02:43.444084+01:00] installer.INFO: Matched route "{route}". {"route":"api_installer_migration","route_parameters":{"_controller":"OrangeHRM\\Installer\\Controller\\Installer\\Api\\MigrationAPI::handle","_route":"api_installer_migration"},"request_uri":"http://localhost/orangehrm-5.7/orangehrm-5.7/installer/index.php/installer/api/installation/migration","method":"POST"} []
[2024-11-18T18:02:43.454545+01:00] installer.INFO: {"version":"4.10"} [] []
[2024-11-18T18:02:43.517695+01:00] installer.INFO: Instance details: {"os":{"os":"Windows NT","release_name":"10.0","version_info":"build 19045 (Windows 10)"},"php":{"version":"8.2.12"},"mysql":{"client_version":"mysqlnd 8.2.12","server_version":"10.4.32-MariaDB","conn_type":"localhost via TCP\/IP"},"server":"Apache\/2.4.58 (Win64) OpenSSL\/3.1.3 PHP\/8.2.12","ohrm":{"version":"5.7"}} [] []
[2024-11-18T18:02:43.535457+01:00] installer.INFO: set_time_limit: success [] []
[2024-11-18T18:02:43.729871+01:00] installer.INFO: Matched route "{route}". {"route":"api_installer_migration","route_parameters":{"_controller":"OrangeHRM\\Installer\\Controller\\Installer\\Api\\MigrationAPI::handle","_route":"api_installer_migration"},"request_uri":"http://localhost/orangehrm-5.7/orangehrm-5.7/installer/index.php/installer/api/installation/migration","method":"POST"} []
[2024-11-18T18:02:43.742902+01:00] installer.INFO: {"version":"4.10.1"} [] []
[2024-11-18T18:02:43.797962+01:00] installer.INFO: Instance details: {"os":{"os":"Windows NT","release_name":"10.0","version_info":"build 19045 (Windows 10)"},"php":{"version":"8.2.12"},"mysql":{"client_version":"mysqlnd 8.2.12","server_version":"10.4.32-MariaDB","conn_type":"localhost via TCP\/IP"},"server":"Apache\/2.4.58 (Win64) OpenSSL\/3.1.3 PHP\/8.2.12","ohrm":{"version":"5.7"}} [] []
[2024-11-18T18:02:43.813494+01:00] installer.INFO: set_time_limit: success [] []
[2024-11-18T18:02:44.004120+01:00] installer.INFO: Matched route "{route}". {"route":"api_installer_migration","route_parameters":{"_controller":"OrangeHRM\\Installer\\Controller\\Installer\\Api\\MigrationAPI::handle","_route":"api_installer_migration"},"request_uri":"http://localhost/orangehrm-5.7/orangehrm-5.7/installer/index.php/installer/api/installation/migration","method":"POST"} []
[2024-11-18T18:02:44.017374+01:00] installer.INFO: {"version":"5.0"} [] []
[2024-11-18T18:02:44.094756+01:00] installer.INFO: Instance details: {"os":{"os":"Windows NT","release_name":"10.0","version_info":"build 19045 (Windows 10)"},"php":{"version":"8.2.12"},"mysql":{"client_version":"mysqlnd 8.2.12","server_version":"10.4.32-MariaDB","conn_type":"localhost via TCP\/IP"},"server":"Apache\/2.4.58 (Win64) OpenSSL\/3.1.3 PHP\/8.2.12","ohrm":{"version":"5.7"}} [] []
[2024-11-18T18:02:44.109579+01:00] installer.INFO: set_time_limit: success [] []
[2024-11-18T18:02:45.508513+01:00] installer.INFO: set_time_limit: success [] []
[2024-11-18T18:03:17.746781+01:00] installer.INFO: Matched route "{route}". {"route":"api_installer_migration","route_parameters":{"_controller":"OrangeHRM\\Installer\\Controller\\Installer\\Api\\MigrationAPI::handle","_route":"api_installer_migration"},"request_uri":"http://localhost/orangehrm-5.7/orangehrm-5.7/installer/index.php/installer/api/installation/migration","method":"POST"} []
[2024-11-18T18:03:17.758062+01:00] installer.INFO: {"version":"5.1"} [] []
[2024-11-18T18:03:17.826240+01:00] installer.INFO: Instance details: {"os":{"os":"Windows NT","release_name":"10.0","version_info":"build 19045 (Windows 10)"},"php":{"version":"8.2.12"},"mysql":{"client_version":"mysqlnd 8.2.12","server_version":"10.4.32-MariaDB","conn_type":"localhost via TCP\/IP"},"server":"Apache\/2.4.58 (Win64) OpenSSL\/3.1.3 PHP\/8.2.12","ohrm":{"version":"5.7"}} [] []
[2024-11-18T18:03:17.840638+01:00] installer.INFO: set_time_limit: success [] []
[2024-11-18T18:03:24.155967+01:00] installer.INFO: Matched route "{route}". {"route":"api_installer_migration","route_parameters":{"_controller":"OrangeHRM\\Installer\\Controller\\Installer\\Api\\MigrationAPI::handle","_route":"api_installer_migration"},"request_uri":"http://localhost/orangehrm-5.7/orangehrm-5.7/installer/index.php/installer/api/installation/migration","method":"POST"} []
[2024-11-18T18:03:24.167830+01:00] installer.INFO: {"version":"5.2"} [] []
[2024-11-18T18:03:24.209289+01:00] installer.INFO: Instance details: {"os":{"os":"Windows NT","release_name":"10.0","version_info":"build 19045 (Windows 10)"},"php":{"version":"8.2.12"},"mysql":{"client_version":"mysqlnd 8.2.12","server_version":"10.4.32-MariaDB","conn_type":"localhost via TCP\/IP"},"server":"Apache\/2.4.58 (Win64) OpenSSL\/3.1.3 PHP\/8.2.12","ohrm":{"version":"5.7"}} [] []
[2024-11-18T18:03:24.223245+01:00] installer.INFO: set_time_limit: success [] []
[2024-11-18T18:03:27.265032+01:00] installer.INFO: Deleting invalid config values [] []
[2024-11-18T18:03:27.302637+01:00] installer.INFO: Deleting: `https://opensourcehelp.orangehrm.com` => `` from `hs_hr_config` [] []
[2024-11-18T18:03:27.342205+01:00] installer.INFO: Deleting: `ZendeskHelpProcessor` => `` from `hs_hr_config` [] []
[2024-11-18T18:03:27.342494+01:00] installer.INFO: Deleting legacy config values [] []
[2024-11-18T18:03:27.383577+01:00] installer.INFO: Deleting: `ldap_domain_name` => `` from `hs_hr_config` [] []
[2024-11-18T18:03:27.431154+01:00] installer.INFO: Deleting: `ldap_port` => `` from `hs_hr_config` [] []
[2024-11-18T18:03:27.474564+01:00] installer.INFO: Deleting: `ldap_server` => `` from `hs_hr_config` [] []
[2024-11-18T18:03:27.517765+01:00] installer.INFO: Deleting: `ldap_status` => `` from `hs_hr_config` [] []
[2024-11-18T18:03:27.566263+01:00] installer.INFO: Deleting: `beacon.activation_acceptance_status` => `off` from `hs_hr_config` [] []
[2024-11-18T18:03:27.609889+01:00] installer.INFO: Deleting: `beacon.activiation_status` => `off` from `hs_hr_config` [] []
[2024-11-18T18:03:27.653506+01:00] installer.INFO: Deleting: `beacon.company_name` => `` from `hs_hr_config` [] []
[2024-11-18T18:03:27.705424+01:00] installer.INFO: Deleting: `beacon.flash_period` => `120` from `hs_hr_config` [] []
[2024-11-18T18:03:27.821416+01:00] installer.INFO: Deleting: `beacon.lock` => `unlocked` from `hs_hr_config` [] []
[2024-11-18T18:03:27.871459+01:00] installer.INFO: Deleting: `beacon.next_flash_time` => `0000-00-00` from `hs_hr_config` [] []
[2024-11-18T18:03:27.916165+01:00] installer.INFO: Deleting: `beacon.uuid` => `0` from `hs_hr_config` [] []
[2024-11-18T18:03:27.960965+01:00] installer.INFO: Deleting: `showSIN` => `0` from `hs_hr_config` [] []
[2024-11-18T18:03:28.002968+01:00] installer.INFO: Deleting: `showSSN` => `0` from `hs_hr_config` [] []
[2024-11-18T18:03:28.044040+01:00] installer.INFO: Deleting: `showTaxExemptions` => `0` from `hs_hr_config` [] []
[2024-11-18T18:03:28.085749+01:00] installer.INFO: Deleting: `report.mysql_group_concat_max_len` => `2048` from `hs_hr_config` [] []
[2024-11-18T18:03:28.126578+01:00] installer.INFO: Deleting: `attendanceEmpEditSubmitted` => `No` from `hs_hr_config` [] []
[2024-11-18T18:03:28.170821+01:00] installer.INFO: Deleting: `attendanceSupEditSubmitted` => `No` from `hs_hr_config` [] []
[2024-11-18T18:03:28.213374+01:00] installer.INFO: Deleting: `hsp_accrued_last_updated` => `0000-00-00` from `hs_hr_config` [] []
[2024-11-18T18:03:28.262145+01:00] installer.INFO: Deleting: `hsp_current_plan` => `0` from `hs_hr_config` [] []
[2024-11-18T18:03:28.303027+01:00] installer.INFO: Deleting: `hsp_used_last_updated` => `0000-00-00` from `hs_hr_config` [] []
[2024-11-18T18:03:28.497881+01:00] installer.INFO: Matched route "{route}". {"route":"api_installer_migration","route_parameters":{"_controller":"OrangeHRM\\Installer\\Controller\\Installer\\Api\\MigrationAPI::handle","_route":"api_installer_migration"},"request_uri":"http://localhost/orangehrm-5.7/orangehrm-5.7/installer/index.php/installer/api/installation/migration","method":"POST"} []
[2024-11-18T18:03:28.509130+01:00] installer.INFO: {"version":"5.3"} [] []
[2024-11-18T18:03:28.552365+01:00] installer.INFO: Instance details: {"os":{"os":"Windows NT","release_name":"10.0","version_info":"build 19045 (Windows 10)"},"php":{"version":"8.2.12"},"mysql":{"client_version":"mysqlnd 8.2.12","server_version":"10.4.32-MariaDB","conn_type":"localhost via TCP\/IP"},"server":"Apache\/2.4.58 (Win64) OpenSSL\/3.1.3 PHP\/8.2.12","ohrm":{"version":"5.7"}} [] []
[2024-11-18T18:03:28.565938+01:00] installer.INFO: set_time_limit: success [] []
[2024-11-18T18:03:30.193877+01:00] installer.INFO: Server timezone: Europe/Berlin [] []
[2024-11-18T18:03:30.194802+01:00] installer.INFO: `ohrm_buzz_comment` record count: 0 [] []
[2024-11-18T18:03:30.195784+01:00] installer.INFO: `ohrm_buzz_like_on_comment` record count: 0 [] []
[2024-11-18T18:03:30.196756+01:00] installer.INFO: `ohrm_buzz_like_on_share` record count: 0 [] []
[2024-11-18T18:03:30.197831+01:00] installer.INFO: `ohrm_buzz_post` record count: 0 [] []
[2024-11-18T18:03:30.198831+01:00] installer.INFO: `ohrm_buzz_share` record count: 0 [] []
[2024-11-18T18:03:30.432835+01:00] installer.INFO: `ohrm_buzz_link` record count: 0 [] []
[2024-11-18T18:03:30.433490+01:00] installer.INFO: Deleting legacy Buzz config values [] []
[2024-11-18T18:03:30.475866+01:00] installer.INFO: Deleting: `buzz_comment_text_lenth` => `250` from `hs_hr_config` [] []
[2024-11-18T18:03:30.519642+01:00] installer.INFO: Deleting: `buzz_cookie_valid_time` => `5000` from `hs_hr_config` [] []
[2024-11-18T18:03:30.564822+01:00] installer.INFO: Deleting: `buzz_image_max_dimension` => `1024` from `hs_hr_config` [] []
[2024-11-18T18:03:30.609363+01:00] installer.INFO: Deleting: `buzz_initial_comments` => `2` from `hs_hr_config` [] []
[2024-11-18T18:03:30.652745+01:00] installer.INFO: Deleting: `buzz_like_count` => `5` from `hs_hr_config` [] []
[2024-11-18T18:03:30.696716+01:00] installer.INFO: Deleting: `buzz_max_notification_period` => `-1 week` from `hs_hr_config` [] []
[2024-11-18T18:03:30.743313+01:00] installer.INFO: Deleting: `buzz_most_like_posts` => `5` from `hs_hr_config` [] []
[2024-11-18T18:03:30.786805+01:00] installer.INFO: Deleting: `buzz_most_like_shares` => `5` from `hs_hr_config` [] []
[2024-11-18T18:03:30.835615+01:00] installer.INFO: Deleting: `buzz_post_text_lenth` => `500` from `hs_hr_config` [] []
[2024-11-18T18:03:30.886509+01:00] installer.INFO: Deleting: `buzz_post_text_lines` => `5` from `hs_hr_config` [] []
[2024-11-18T18:03:30.937447+01:00] installer.INFO: Deleting: `buzz_refresh_time` => `60000` from `hs_hr_config` [] []
[2024-11-18T18:03:30.980668+01:00] installer.INFO: Deleting: `buzz_share_count` => `10` from `hs_hr_config` [] []
[2024-11-18T18:03:31.028530+01:00] installer.INFO: Deleting: `buzz_time_format` => `h:i a` from `hs_hr_config` [] []
[2024-11-18T18:03:31.073480+01:00] installer.INFO: Deleting: `buzz_viewmore_comment` => `5` from `hs_hr_config` [] []
[2024-11-18T18:03:31.251235+01:00] installer.INFO: Matched route "{route}". {"route":"api_installer_migration","route_parameters":{"_controller":"OrangeHRM\\Installer\\Controller\\Installer\\Api\\MigrationAPI::handle","_route":"api_installer_migration"},"request_uri":"http://localhost/orangehrm-5.7/orangehrm-5.7/installer/index.php/installer/api/installation/migration","method":"POST"} []
[2024-11-18T18:03:31.262588+01:00] installer.INFO: {"version":"5.4"} [] []
[2024-11-18T18:03:31.302013+01:00] installer.INFO: Instance details: {"os":{"os":"Windows NT","release_name":"10.0","version_info":"build 19045 (Windows 10)"},"php":{"version":"8.2.12"},"mysql":{"client_version":"mysqlnd 8.2.12","server_version":"10.4.32-MariaDB","conn_type":"localhost via TCP\/IP"},"server":"Apache\/2.4.58 (Win64) OpenSSL\/3.1.3 PHP\/8.2.12","ohrm":{"version":"5.7"}} [] []
[2024-11-18T18:03:31.315405+01:00] installer.INFO: set_time_limit: success [] []
[2024-11-18T18:03:32.068317+01:00] installer.INFO: Deleting: `authentication.default_required_password_strength` => `strong` from `hs_hr_config` [] []
[2024-11-18T18:03:32.172127+01:00] installer.INFO: Deleting: `authentication.enforce_password_strength` => `on` from `hs_hr_config` [] []
[2024-11-18T18:03:32.827187+01:00] installer.INFO: Matched route "{route}". {"route":"api_installer_migration","route_parameters":{"_controller":"OrangeHRM\\Installer\\Controller\\Installer\\Api\\MigrationAPI::handle","_route":"api_installer_migration"},"request_uri":"http://localhost/orangehrm-5.7/orangehrm-5.7/installer/index.php/installer/api/installation/migration","method":"POST"} []
[2024-11-18T18:03:32.838886+01:00] installer.INFO: {"version":"5.5"} [] []
[2024-11-18T18:03:32.881720+01:00] installer.INFO: Instance details: {"os":{"os":"Windows NT","release_name":"10.0","version_info":"build 19045 (Windows 10)"},"php":{"version":"8.2.12"},"mysql":{"client_version":"mysqlnd 8.2.12","server_version":"10.4.32-MariaDB","conn_type":"localhost via TCP\/IP"},"server":"Apache\/2.4.58 (Win64) OpenSSL\/3.1.3 PHP\/8.2.12","ohrm":{"version":"5.7"}} [] []
[2024-11-18T18:03:32.907473+01:00] installer.INFO: set_time_limit: success [] []
[2024-11-18T18:03:34.774752+01:00] installer.INFO: Matched route "{route}". {"route":"api_installer_migration","route_parameters":{"_controller":"OrangeHRM\\Installer\\Controller\\Installer\\Api\\MigrationAPI::handle","_route":"api_installer_migration"},"request_uri":"http://localhost/orangehrm-5.7/orangehrm-5.7/installer/index.php/installer/api/installation/migration","method":"POST"} []
[2024-11-18T18:03:34.785345+01:00] installer.INFO: {"version":"5.6"} [] []
[2024-11-18T18:03:34.826055+01:00] installer.INFO: Instance details: {"os":{"os":"Windows NT","release_name":"10.0","version_info":"build 19045 (Windows 10)"},"php":{"version":"8.2.12"},"mysql":{"client_version":"mysqlnd 8.2.12","server_version":"10.4.32-MariaDB","conn_type":"localhost via TCP\/IP"},"server":"Apache\/2.4.58 (Win64) OpenSSL\/3.1.3 PHP\/8.2.12","ohrm":{"version":"5.7"}} [] []
[2024-11-18T18:03:34.840551+01:00] installer.INFO: set_time_limit: success [] []
[2024-11-18T18:03:35.535368+01:00] installer.INFO: Matched route "{route}". {"route":"api_installer_migration","route_parameters":{"_controller":"OrangeHRM\\Installer\\Controller\\Installer\\Api\\MigrationAPI::handle","_route":"api_installer_migration"},"request_uri":"http://localhost/orangehrm-5.7/orangehrm-5.7/installer/index.php/installer/api/installation/migration","method":"POST"} []
[2024-11-18T18:03:35.546714+01:00] installer.INFO: {"version":"5.6.1"} [] []
[2024-11-18T18:03:35.596884+01:00] installer.INFO: Instance details: {"os":{"os":"Windows NT","release_name":"10.0","version_info":"build 19045 (Windows 10)"},"php":{"version":"8.2.12"},"mysql":{"client_version":"mysqlnd 8.2.12","server_version":"10.4.32-MariaDB","conn_type":"localhost via TCP\/IP"},"server":"Apache\/2.4.58 (Win64) OpenSSL\/3.1.3 PHP\/8.2.12","ohrm":{"version":"5.7"}} [] []
[2024-11-18T18:03:35.612384+01:00] installer.INFO: set_time_limit: success [] []
[2024-11-18T18:03:35.815526+01:00] installer.INFO: Matched route "{route}". {"route":"api_installer_migration","route_parameters":{"_controller":"OrangeHRM\\Installer\\Controller\\Installer\\Api\\MigrationAPI::handle","_route":"api_installer_migration"},"request_uri":"http://localhost/orangehrm-5.7/orangehrm-5.7/installer/index.php/installer/api/installation/migration","method":"POST"} []
[2024-11-18T18:03:35.827484+01:00] installer.INFO: {"version":"5.7"} [] []
[2024-11-18T18:03:35.869865+01:00] installer.INFO: Instance details: {"os":{"os":"Windows NT","release_name":"10.0","version_info":"build 19045 (Windows 10)"},"php":{"version":"8.2.12"},"mysql":{"client_version":"mysqlnd 8.2.12","server_version":"10.4.32-MariaDB","conn_type":"localhost via TCP\/IP"},"server":"Apache\/2.4.58 (Win64) OpenSSL\/3.1.3 PHP\/8.2.12","ohrm":{"version":"5.7"}} [] []
[2024-11-18T18:03:35.894309+01:00] installer.INFO: set_time_limit: success [] []
[2024-11-18T18:03:36.717689+01:00] installer.INFO: Matched route "{route}". {"route":"api_installer_instance_creation","route_parameters":{"_controller":"OrangeHRM\\Installer\\Controller\\Installer\\Api\\InstallationInstanceAPI::handle","_route":"api_installer_instance_creation"},"request_uri":"http://localhost/orangehrm-5.7/orangehrm-5.7/installer/index.php/installer/api/installation/instance","method":"POST"} []
[2024-11-18T18:03:36.783594+01:00] installer.INFO: Instance details: {"os":{"os":"Windows NT","release_name":"10.0","version_info":"build 19045 (Windows 10)"},"php":{"version":"8.2.12"},"mysql":{"client_version":"mysqlnd 8.2.12","server_version":"10.4.32-MariaDB","conn_type":"localhost via TCP\/IP"},"server":"Apache\/2.4.58 (Win64) OpenSSL\/3.1.3 PHP\/8.2.12","ohrm":{"version":"5.7"}} [] []
[2024-11-18T18:03:37.496715+01:00] installer.INFO: Matched route "{route}". {"route":"api_installer_database_user","route_parameters":{"_controller":"OrangeHRM\\Installer\\Controller\\Installer\\Api\\InstallationDatabaseUserAPI::handle","_route":"api_installer_database_user"},"request_uri":"http://localhost/orangehrm-5.7/orangehrm-5.7/installer/index.php/installer/api/installation/database-user","method":"POST"} []
[2024-11-18T18:03:37.653238+01:00] installer.INFO: Matched route "{route}". {"route":"api_installer_write_config","route_parameters":{"_controller":"OrangeHRM\\Installer\\Controller\\Installer\\Api\\ConfigFileAPI::handle","_route":"api_installer_write_config"},"request_uri":"http://localhost/orangehrm-5.7/orangehrm-5.7/installer/index.php/installer/api/installation/config-file","method":"POST"} []
[2024-11-18T18:03:37.710572+01:00] installer.INFO: Instance details: {"os":{"os":"Windows NT","release_name":"10.0","version_info":"build 19045 (Windows 10)"},"php":{"version":"8.2.12"},"mysql":{"client_version":"mysqlnd 8.2.12","server_version":"10.4.32-MariaDB","conn_type":"localhost via TCP\/IP"},"server":"Apache\/2.4.58 (Win64) OpenSSL\/3.1.3 PHP\/8.2.12","ohrm":{"version":"5.7"}} [] []
[2024-11-18T18:03:47.361916+01:00] installer.INFO: Matched route "{route}". {"route":"installer_complete","route_parameters":{"_controller":"OrangeHRM\\Installer\\Controller\\Installer\\InstallerCompleteController::handle","_route":"installer_complete"},"request_uri":"http://localhost/orangehrm-5.7/orangehrm-5.7/installer/index.php/installer/complete","method":"GET"} []
[2024-11-18T18:03:47.385882+01:00] installer.INFO: OrangeHRM 5.7 status: true [] []
[2024-11-18T18:03:48.998532+01:00] installer.INFO: Matched route "{route}". {"route":"installer_home","route_parameters":{"_controller":"OrangeHRM\\Installer\\Controller\\HomeController::handle","_route":"installer_home"},"request_uri":"http://localhost/orangehrm-5.7/orangehrm-5.7/installer/index.php/","method":"GET"} []
